  Chunk.cpp
C:\Users\peche\OneDrive\Рабочий стол\GIT\3D_graphics_CPP\Programm\src\voxels\voxel.h(6,14): warning C4099: voxel: имя типа, ранее отображенное с помощью "class", теперь отображено с помощью "struct"
C:\Users\peche\OneDrive\Рабочий стол\GIT\3D_graphics_CPP\Programm\src\voxels\voxel.h(6): message : см. объявление "voxel"
  Mesh.cpp
C:\Users\peche\OneDrive\Рабочий стол\GIT\3D_graphics_CPP\Programm\src\graphics\Mesh.cpp(36,37): warning C4267: аргумент: преобразование из "size_t" в "GLsizei"; возможна потеря данных
  Shader.cpp
C:\Users\peche\OneDrive\Рабочий стол\GIT\3D_graphics_CPP\Programm\src\graphics\Shader.cpp(53,33): warning C4101: e: неиспользованная локальная переменная
  main.cpp
C:\Users\peche\OneDrive\Рабочий стол\GIT\3D_graphics_CPP\Programm\src\voxels\Chunk.h(9,12): warning C4099: voxel: имя типа, ранее отображенное с помощью "struct", теперь отображено с помощью "class"
C:\Users\peche\OneDrive\Рабочий стол\GIT\3D_graphics_CPP\Programm\src\voxels\voxel.h(6): message : см. объявление "voxel"
C:\Users\peche\OneDrive\Рабочий стол\GIT\3D_graphics_CPP\Programm\src\main.cpp(79,17): warning C4244: инициализация: преобразование "double" в "float", возможна потеря данных
C:\Users\peche\OneDrive\Рабочий стол\GIT\3D_graphics_CPP\Programm\src\main.cpp(90,21): warning C4244: инициализация: преобразование "double" в "float", возможна потеря данных
  VoxelRenderer.cpp
C:\Users\peche\OneDrive\Рабочий стол\GIT\3D_graphics_CPP\Programm\src\voxels\voxel.h(6,14): warning C4099: voxel: имя типа, ранее отображенное с помощью "class", теперь отображено с помощью "struct"
C:\Users\peche\OneDrive\Рабочий стол\GIT\3D_graphics_CPP\Programm\src\voxels\voxel.h(6): message : см. объявление "voxel"
  voxel.cpp
  Создание кода...
LINK : warning LNK4098: библиотека по умолчанию "MSVCRT" конфликтует с использованием других библиотек; используйте /NODEFAULTLIB:library
Mesh.obj : error LNK2019: ссылка на неразрешенный внешний символ __imp___glewBindBuffer в функции "public: __cdecl Mesh::Mesh(float const *,unsigned __int64,int const *)" (??0Mesh@@QEAA@PEBM_KPEBH@Z).
Mesh.obj : error LNK2019: ссылка на неразрешенный внешний символ __imp___glewBufferData в функции "public: __cdecl Mesh::Mesh(float const *,unsigned __int64,int const *)" (??0Mesh@@QEAA@PEBM_KPEBH@Z).
Mesh.obj : error LNK2019: ссылка на неразрешенный внешний символ __imp___glewDeleteBuffers в функции "public: __cdecl Mesh::~Mesh(void)" (??1Mesh@@QEAA@XZ).
Mesh.obj : error LNK2019: ссылка на неразрешенный внешний символ __imp___glewGenBuffers в функции "public: __cdecl Mesh::Mesh(float const *,unsigned __int64,int const *)" (??0Mesh@@QEAA@PEBM_KPEBH@Z).
Mesh.obj : error LNK2019: ссылка на неразрешенный внешний символ __imp___glewEnableVertexAttribArray в функции "public: __cdecl Mesh::Mesh(float const *,unsigned __int64,int const *)" (??0Mesh@@QEAA@PEBM_KPEBH@Z).
Mesh.obj : error LNK2019: ссылка на неразрешенный внешний символ __imp___glewVertexAttribPointer в функции "public: __cdecl Mesh::Mesh(float const *,unsigned __int64,int const *)" (??0Mesh@@QEAA@PEBM_KPEBH@Z).
Mesh.obj : error LNK2019: ссылка на неразрешенный внешний символ __imp___glewBindVertexArray в функции "public: __cdecl Mesh::Mesh(float const *,unsigned __int64,int const *)" (??0Mesh@@QEAA@PEBM_KPEBH@Z).
Mesh.obj : error LNK2019: ссылка на неразрешенный внешний символ __imp___glewDeleteVertexArrays в функции "public: __cdecl Mesh::~Mesh(void)" (??1Mesh@@QEAA@XZ).
Mesh.obj : error LNK2019: ссылка на неразрешенный внешний символ __imp___glewGenVertexArrays в функции "public: __cdecl Mesh::Mesh(float const *,unsigned __int64,int const *)" (??0Mesh@@QEAA@PEBM_KPEBH@Z).
Shader.obj : error LNK2019: ссылка на неразрешенный внешний символ __imp___glewAttachShader в функции "class Shader * __cdecl load_shader(class std::basic_string<char,struct std::char_traits<char>,class std::allocator<char> >,class std::basic_string<char,struct std::char_traits<char>,class std::allocator<char> >)" (?load_shader@@YAPEAVShader@@V?$basic_string@DU?$char_traits@D@std@@V?$allocator@D@2@@std@@0@Z).
Shader.obj : error LNK2019: ссылка на неразрешенный внешний символ __imp___glewCompileShader в функции "class Shader * __cdecl load_shader(class std::basic_string<char,struct std::char_traits<char>,class std::allocator<char> >,class std::basic_string<char,struct std::char_traits<char>,class std::allocator<char> >)" (?load_shader@@YAPEAVShader@@V?$basic_string@DU?$char_traits@D@std@@V?$allocator@D@2@@std@@0@Z).
Shader.obj : error LNK2019: ссылка на неразрешенный внешний символ __imp___glewCreateProgram в функции "class Shader * __cdecl load_shader(class std::basic_string<char,struct std::char_traits<char>,class std::allocator<char> >,class std::basic_string<char,struct std::char_traits<char>,class std::allocator<char> >)" (?load_shader@@YAPEAVShader@@V?$basic_string@DU?$char_traits@D@std@@V?$allocator@D@2@@std@@0@Z).
Shader.obj : error LNK2019: ссылка на неразрешенный внешний символ __imp___glewCreateShader в функции "class Shader * __cdecl load_shader(class std::basic_string<char,struct std::char_traits<char>,class std::allocator<char> >,class std::basic_string<char,struct std::char_traits<char>,class std::allocator<char> >)" (?load_shader@@YAPEAVShader@@V?$basic_string@DU?$char_traits@D@std@@V?$allocator@D@2@@std@@0@Z).
Shader.obj : error LNK2019: ссылка на неразрешенный внешний символ __imp___glewDeleteProgram в функции "public: __cdecl Shader::~Shader(void)" (??1Shader@@QEAA@XZ).
Shader.obj : error LNK2019: ссылка на неразрешенный внешний символ __imp___glewDeleteShader в функции "class Shader * __cdecl load_shader(class std::basic_string<char,struct std::char_traits<char>,class std::allocator<char> >,class std::basic_string<char,struct std::char_traits<char>,class std::allocator<char> >)" (?load_shader@@YAPEAVShader@@V?$basic_string@DU?$char_traits@D@std@@V?$allocator@D@2@@std@@0@Z).
Shader.obj : error LNK2019: ссылка на неразрешенный внешний символ __imp___glewGetProgramInfoLog в функции "class Shader * __cdecl load_shader(class std::basic_string<char,struct std::char_traits<char>,class std::allocator<char> >,class std::basic_string<char,struct std::char_traits<char>,class std::allocator<char> >)" (?load_shader@@YAPEAVShader@@V?$basic_string@DU?$char_traits@D@std@@V?$allocator@D@2@@std@@0@Z).
Shader.obj : error LNK2019: ссылка на неразрешенный внешний символ __imp___glewGetProgramiv в функции "class Shader * __cdecl load_shader(class std::basic_string<char,struct std::char_traits<char>,class std::allocator<char> >,class std::basic_string<char,struct std::char_traits<char>,class std::allocator<char> >)" (?load_shader@@YAPEAVShader@@V?$basic_string@DU?$char_traits@D@std@@V?$allocator@D@2@@std@@0@Z).
Shader.obj : error LNK2019: ссылка на неразрешенный внешний символ __imp___glewGetShaderInfoLog в функции "class Shader * __cdecl load_shader(class std::basic_string<char,struct std::char_traits<char>,class std::allocator<char> >,class std::basic_string<char,struct std::char_traits<char>,class std::allocator<char> >)" (?load_shader@@YAPEAVShader@@V?$basic_string@DU?$char_traits@D@std@@V?$allocator@D@2@@std@@0@Z).
Shader.obj : error LNK2019: ссылка на неразрешенный внешний символ __imp___glewGetShaderiv в функции "class Shader * __cdecl load_shader(class std::basic_string<char,struct std::char_traits<char>,class std::allocator<char> >,class std::basic_string<char,struct std::char_traits<char>,class std::allocator<char> >)" (?load_shader@@YAPEAVShader@@V?$basic_string@DU?$char_traits@D@std@@V?$allocator@D@2@@std@@0@Z).
Shader.obj : error LNK2019: ссылка на неразрешенный внешний символ __imp___glewGetUniformLocation в функции "public: void __cdecl Shader::uniformMatrix(class std::basic_string<char,struct std::char_traits<char>,class std::allocator<char> >,struct glm::mat<4,4,float,0>)" (?uniformMatrix@Shader@@QEAAXV?$basic_string@DU?$char_traits@D@std@@V?$allocator@D@2@@std@@U?$mat@$03$03M$0A@@glm@@@Z).
Shader.obj : error LNK2019: ссылка на неразрешенный внешний символ __imp___glewLinkProgram в функции "class Shader * __cdecl load_shader(class std::basic_string<char,struct std::char_traits<char>,class std::allocator<char> >,class std::basic_string<char,struct std::char_traits<char>,class std::allocator<char> >)" (?load_shader@@YAPEAVShader@@V?$basic_string@DU?$char_traits@D@std@@V?$allocator@D@2@@std@@0@Z).
Shader.obj : error LNK2019: ссылка на неразрешенный внешний символ __imp___glewShaderSource в функции "class Shader * __cdecl load_shader(class std::basic_string<char,struct std::char_traits<char>,class std::allocator<char> >,class std::basic_string<char,struct std::char_traits<char>,class std::allocator<char> >)" (?load_shader@@YAPEAVShader@@V?$basic_string@DU?$char_traits@D@std@@V?$allocator@D@2@@std@@0@Z).
Shader.obj : error LNK2019: ссылка на неразрешенный внешний символ __imp___glewUniformMatrix4fv в функции "public: void __cdecl Shader::uniformMatrix(class std::basic_string<char,struct std::char_traits<char>,class std::allocator<char> >,struct glm::mat<4,4,float,0>)" (?uniformMatrix@Shader@@QEAAXV?$basic_string@DU?$char_traits@D@std@@V?$allocator@D@2@@std@@U?$mat@$03$03M$0A@@glm@@@Z).
Shader.obj : error LNK2019: ссылка на неразрешенный внешний символ __imp___glewUseProgram в функции "public: void __cdecl Shader::use(void)" (?use@Shader@@QEAAXXZ).
Window.obj : error LNK2019: ссылка на неразрешенный внешний символ __imp_glewInit в функции "public: static int __cdecl Window::initialize(int,int,char const *)" (?initialize@Window@@SAHHHPEBD@Z).
Window.obj : error LNK2019: ссылка на неразрешенный внешний символ __imp_glewExperimental в функции "public: static int __cdecl Window::initialize(int,int,char const *)" (?initialize@Window@@SAHHHPEBD@Z).
C:\Users\peche\OneDrive\Рабочий стол\GIT\3D_graphics_CPP\Programm\x64\Debug\Engine.exe : fatal error LNK1120: неразрешенных внешних элементов: 26
